--------------------------------------------
Thu Jul  4 01:20:52 EDT 2019
Calling peaks ...
tmp1.txt: line 8: 16: command not found
tmp1.txt: line 9: -p: command not found
tmp1.txt: line 10: -p: command not found
tmp1.txt: line 16: hs: command not found
--Using macs2... 
ss.bwa
INFO  @ Thu, 04 Jul 2019 01:20:54: 
# Command line: callpeak -t output/mapping_result/ss.bwa.positionsort.MAPQ30.bam --outdir ./output/peaks/macs2 -n ss.bwa -f BAM
# ARGUMENTS LIST:
# name = ss.bwa
# format = BAM
# ChIP-seq file = ['output/mapping_result/ss.bwa.positionsort.MAPQ30.bam']
# control file = None
# effective genome size = 2.70e+09
# band width = 300
# model fold = [5, 50]
# qvalue cutoff = 5.00e-02
# Larger dataset will be scaled towards smaller dataset.
# Range for calculating regional lambda is: 10000 bps
# Broad region calling is off
# Paired-End mode is off
 
INFO  @ Thu, 04 Jul 2019 01:20:54: #1 read tag files... 
INFO  @ Thu, 04 Jul 2019 01:20:54: #1 read treatment tags... 
Traceback (most recent call last):
  File "/home/yuw1/local_tools/bin/macs2", line 617, in <module>
    main()
  File "/home/yuw1/local_tools/bin/macs2", line 57, in main
    run( args )
  File "/home/yuw1/local_tools/lib/python2.7/site-packages/MACS2/callpeak_cmd.py", line 73, in run
    else:       (treat, control) = load_tag_files_options  (options)
  File "/home/yuw1/local_tools/lib/python2.7/site-packages/MACS2/callpeak_cmd.py", line 395, in load_tag_files_options
    tp = options.parser(options.tfile[0], buffer_size=options.buffer_size)
  File "MACS2/IO/Parser.pyx", line 774, in MACS2.IO.Parser.BAMParser.__init__ (MACS2/IO/Parser.c:11146)
  File "/home/yuw1/local_tools/lib/python2.7/gzip.py", line 34, in open
    return GzipFile(filename, mode, compresslevel)
  File "/home/yuw1/local_tools/lib/python2.7/gzip.py", line 94, in __init__
    fileobj = self.myfileobj = __builtin__.open(filename, mode or 'rb')
IOError: [Errno 2] No such file or directory: 'output/mapping_result/ss.bwa.positionsort.MAPQ30.bam'
Error: Unable to open file ./output/peaks/macs2/ss.bwa_peaks.narrowPeak. Exiting.
Call peaks done !

