Run scATAC-pro 1.0.0
--------------------------------------------
Mon Jun 10 17:47:58 EDT 2019
Trimming fastq ...
TrimmomaticPE: Started with arguments:
 test_fastq/test_R1.fastq test_fastq/test_R3.fastq ../tmp_output/trimmed_fastq/trimmed_paired_ ../tmp_output/trimmed_fastq/trimmed_unpaired_ ../tmp_output/trimmed_fastq/trimmed_paired_test_R3.fastq ../tmp_output/trimmed_fastq/trimmed_unpaired_test_R3.fastq ILLUMINACLIP:TruSeq3-PE.fa:2:30:10:2:keepBothReads LEADING:3 TRAILING:3 MINLEN:36
Multiple cores found: Using 4 threads
java.io.FileNotFoundException: /mnt/isilon/tan_lab/yuw1/scATAC-pro/TruSeq3-PE.fa (No such file or directory)
	at java.io.FileInputStream.open0(Native Method)
	at java.io.FileInputStream.open(FileInputStream.java:195)
	at java.io.FileInputStream.<init>(FileInputStream.java:138)
	at org.usadellab.trimmomatic.fasta.FastaParser.parse(FastaParser.java:54)
	at org.usadellab.trimmomatic.trim.IlluminaClippingTrimmer.loadSequences(IlluminaClippingTrimmer.java:110)
	at org.usadellab.trimmomatic.trim.IlluminaClippingTrimmer.makeIlluminaClippingTrimmer(IlluminaClippingTrimmer.java:71)
	at org.usadellab.trimmomatic.trim.TrimmerFactory.makeTrimmer(TrimmerFactory.java:32)
	at org.usadellab.trimmomatic.Trimmomatic.createTrimmers(Trimmomatic.java:59)
	at org.usadellab.trimmomatic.TrimmomaticPE.run(TrimmomaticPE.java:552)
	at org.usadellab.trimmomatic.Trimmomatic.main(Trimmomatic.java:80)
Quality encoding detected as phred33
Input Read Pairs: 250000 Both Surviving: 250000 (100.00%) Forward Only Surviving: 0 (0.00%) Reverse Only Surviving: 0 (0.00%) Dropped: 0 (0.00%)
TrimmomaticPE: Completed successfully
Trimming Done!
