Run scATAC-pro 1.0.0
--------------------------------------------
Wed May 22 23:38:29 EDT 2019
Call peaks ...
bamFilesList: ['output/filtered_bam/ss.dedup.MAPQ10.bam']
binLength: 200
numberOfSamples: None
blackListFileName: None
skipZeroOverZero: False
defaultFragmentLength: read length
numberOfProcessors: 4
verbose: False
region: None
bedFile: None
minMappingQuality: None
ignoreDuplicates: False
chrsToSkip: []
stepSize: 200
center_read: False
samFlag_include: None
samFlag_exclude: None
minFragmentLength: 0
maxFragmentLength: 0
zerosToNans: True
smoothLength: None
save_data: False
out_file_for_raw_data: None
maxPairedFragmentLength: 1make: *** [generate_signal] Hangup
