Run scATAC-pro 1.0.0
--------------------------------------------
Thu May 23 19:01:35 EDT 2019
Doing QC per barcode ...
It looks like the read file is in sam format.
Now I am starting to process reads file: output/qc_result/tmp.sam .
...
I have read 470191 reads from input read file: output/qc_result/tmp.sam .
And 15597 reads from input reads are overlapped in given region.
Now I am writing the output to output/qc_result/freq.mito .
Output is in the file output/qc_result/freq.mito  . 
It looks like the read file is in sam format.
I am reading region information file: /mnt/isilon/tan_lab/yuw1/scATAC-pro/output/peaks/ss_peaks.narrowPeak .
I have successfully read 504 regions from /mnt/isilon/tan_lab/yuw1/scATAC-pro/output/peaks/ss_peaks.narrowPeak 
...
Now I am starting to process reads file: output/qc_result/tmp.sam .
...
I have read 470191 reads from input read file: output/qc_result/tmp.sam .
And 9736 reads from input reads are overlapped in given region.
Now I am writing the output to output/qc_result/overlapWith.peaks .
Output is in the file output/qc_result/overlapWith.peaks  . 
It looks like the read file is in sam format.
I am reading region information file: /mnt/isilon/tan_lab/yuw1/scATAC-pro/annotation/hg38_promoter.bed .
I have successfully read 16375 regions from /mnt/isilon/tan_lab/yuw1/scATAC-pro/annotation/hg38_promoter.bed 
...
Now I am starting to process reads file: output/qc_result/tmp.sam .
...
I have read 470191 reads from input read file: output/qc_result/tmp.sam .
And 55051 reads from input reads are overlapped in given region.
Now I am writing the output to output/qc_result/overlapWith.promoters .
Output is in the file output/qc_result/overlapWith.promoters  . 
It looks like the read file is in sam format.
I am reading region information file: /mnt/isilon/tan_lab/yuw1/scATAC-pro/annotation/hg38_enhancer.bed .
I have successfully read 233020 regions from /mnt/isilon/tan_lab/yuw1/scATAC-pro/annotation/hg38_enhancer.bed 
...
Now I am starting to process reads file: output/qc_result/tmp.sam .
...
I have read 470191 reads from input read file: output/qc_result/tmp.sam .
And 75119 reads from input reads are overlapped in given region.
Now I am writing the output to output/qc_result/overlapWith.enhs .
Output is in the file output/qc_result/overlapWith.enhs  . 

